<?xml version="1.0" encoding="UTF-8"?>
<coverage generated="1654253057985" clover="3.2.0">
  <project timestamp="1654253057985" name="All files">
    <metrics statements="82" coveredstatements="79" conditionals="42" coveredconditionals="37" methods="18" coveredmethods="18" elements="142" coveredelements="134" complexity="0" loc="82" ncloc="82" packages="2" files="7" classes="7"/>
    <package name="src">
      <metrics statements="28" coveredstatements="27" conditionals="19" coveredconditionals="16" methods="6" coveredmethods="6"/>
      <file name="build.js" path="/Users/kirill/Projects/hexlet/frontend-project-lvl2/src/build.js">
        <metrics statements="15" coveredstatements="15" conditionals="10" coveredconditionals="10" methods="2" coveredmethods="2"/>
        <line num="3" count="1" type="stmt"/>
        <line num="4" count="30" type="stmt"/>
        <line num="6" count="30" type="stmt"/>
        <line num="7" count="108" type="stmt"/>
        <line num="8" count="108" type="stmt"/>
        <line num="10" count="108" type="cond" truecount="2" falsecount="0"/>
        <line num="11" count="30" type="stmt"/>
        <line num="13" count="78" type="cond" truecount="2" falsecount="0"/>
        <line num="14" count="12" type="stmt"/>
        <line num="16" count="66" type="cond" truecount="2" falsecount="0"/>
        <line num="17" count="18" type="stmt"/>
        <line num="19" count="48" type="cond" truecount="4" falsecount="0"/>
        <line num="20" count="24" type="stmt"/>
        <line num="22" count="24" type="stmt"/>
        <line num="25" count="30" type="stmt"/>
      </file>
      <file name="index.js" path="/Users/kirill/Projects/hexlet/frontend-project-lvl2/src/index.js">
        <metrics statements="8" coveredstatements="8" conditionals="3" coveredconditionals="1" methods="3" coveredmethods="3"/>
        <line num="7" count="1" type="stmt"/>
        <line num="8" count="12" type="stmt"/>
        <line num="10" count="12" type="cond" truecount="1" falsecount="1"/>
        <line num="14" count="12" type="stmt"/>
        <line num="17" count="6" type="stmt"/>
        <line num="18" count="6" type="stmt"/>
        <line num="19" count="6" type="stmt"/>
        <line num="21" count="6" type="stmt"/>
      </file>
      <file name="parsers.js" path="/Users/kirill/Projects/hexlet/frontend-project-lvl2/src/parsers.js">
        <metrics statements="5" coveredstatements="4" conditionals="6" coveredconditionals="5" methods="1" coveredmethods="1"/>
        <line num="4" count="12" type="cond" truecount="2" falsecount="0"/>
        <line num="5" count="6" type="stmt"/>
        <line num="7" count="6" type="cond" truecount="3" falsecount="1"/>
        <line num="8" count="6" type="stmt"/>
        <line num="11" count="0" type="stmt"/>
      </file>
    </package>
    <package name="src.formatters">
      <metrics statements="54" coveredstatements="52" conditionals="23" coveredconditionals="21" methods="12" coveredmethods="12"/>
      <file name="index.js" path="/Users/kirill/Projects/hexlet/frontend-project-lvl2/src/formatters/index.js">
        <metrics statements="6" coveredstatements="5" conditionals="4" coveredconditionals="3" methods="1" coveredmethods="1"/>
        <line num="5" count="1" type="stmt"/>
        <line num="6" count="6" type="cond" truecount="3" falsecount="1"/>
        <line num="8" count="2" type="stmt"/>
        <line num="10" count="2" type="stmt"/>
        <line num="12" count="2" type="stmt"/>
        <line num="14" count="0" type="stmt"/>
      </file>
      <file name="json.js" path="/Users/kirill/Projects/hexlet/frontend-project-lvl2/src/formatters/json.js">
        <metrics statements="1" coveredstatements="1" conditionals="0" coveredconditionals="0" methods="1" coveredmethods="1"/>
        <line num="1" count="2" type="stmt"/>
      </file>
      <file name="plain.js" path="/Users/kirill/Projects/hexlet/frontend-project-lvl2/src/formatters/plain.js">
        <metrics statements="22" coveredstatements="22" conditionals="11" coveredconditionals="11" methods="4" coveredmethods="4"/>
        <line num="3" count="1" type="stmt"/>
        <line num="4" count="26" type="cond" truecount="2" falsecount="0"/>
        <line num="5" count="6" type="stmt"/>
        <line num="7" count="20" type="cond" truecount="2" falsecount="0"/>
        <line num="8" count="14" type="stmt"/>
        <line num="11" count="6" type="stmt"/>
        <line num="14" count="1" type="cond" truecount="1" falsecount="0"/>
        <line num="15" count="36" type="stmt"/>
        <line num="16" count="10" type="stmt"/>
        <line num="17" count="30" type="stmt"/>
        <line num="18" count="30" type="stmt"/>
        <line num="20" count="30" type="cond" truecount="2" falsecount="0"/>
        <line num="21" count="10" type="stmt"/>
        <line num="22" count="10" type="stmt"/>
        <line num="24" count="20" type="cond" truecount="2" falsecount="0"/>
        <line num="25" count="4" type="stmt"/>
        <line num="27" count="16" type="cond" truecount="2" falsecount="0"/>
        <line num="28" count="8" type="stmt"/>
        <line num="29" count="8" type="stmt"/>
        <line num="30" count="8" type="stmt"/>
        <line num="33" count="8" type="stmt"/>
        <line num="36" count="10" type="stmt"/>
      </file>
      <file name="stylish.js" path="/Users/kirill/Projects/hexlet/frontend-project-lvl2/src/formatters/stylish.js">
        <metrics statements="25" coveredstatements="24" conditionals="8" coveredconditionals="7" methods="6" coveredmethods="6"/>
        <line num="3" count="1" type="stmt"/>
        <line num="4" count="36" type="stmt"/>
        <line num="5" count="54" type="cond" truecount="2" falsecount="0"/>
        <line num="6" count="40" type="stmt"/>
        <line num="9" count="14" type="stmt"/>
        <line num="10" count="14" type="stmt"/>
        <line num="11" count="14" type="stmt"/>
        <line num="13" count="18" type="stmt"/>
        <line num="15" count="14" type="stmt"/>
        <line num="22" count="36" type="stmt"/>
        <line num="25" count="1" type="stmt"/>
        <line num="26" count="2" type="stmt"/>
        <line num="27" count="10" type="stmt"/>
        <line num="28" count="10" type="stmt"/>
        <line num="29" count="10" type="stmt"/>
        <line num="30" count="10" type="stmt"/>
        <line num="33" count="36" type="cond" truecount="5" falsecount="1"/>
        <line num="35" count="8" type="stmt"/>
        <line num="37" count="10" type="stmt"/>
        <line num="39" count="4" type="stmt"/>
        <line num="41" count="8" type="stmt"/>
        <line num="43" count="6" type="stmt"/>
        <line num="45" count="0" type="stmt"/>
        <line num="48" count="10" type="stmt"/>
        <line num="51" count="2" type="stmt"/>
      </file>
    </package>
  </project>
</coverage>
