{"/Users/kirill/Projects/hexlet/frontend-project-lvl2/src/build.js": {"path":"/Users/kirill/Projects/hexlet/frontend-project-lvl2/src/build.js","statementMap":{"0":{"start":{"line":3,"column":24},"end":{"line":26,"column":1}},"1":{"start":{"line":4,"column":21},"end":{"line":4,"column":78}},"2":{"start":{"line":6,"column":15},"end":{"line":23,"column":4}},"3":{"start":{"line":7,"column":19},"end":{"line":7,"column":29}},"4":{"start":{"line":8,"column":19},"end":{"line":8,"column":29}},"5":{"start":{"line":10,"column":4},"end":{"line":12,"column":5}},"6":{"start":{"line":11,"column":6},"end":{"line":11,"column":51}},"7":{"start":{"line":13,"column":4},"end":{"line":15,"column":5}},"8":{"start":{"line":14,"column":6},"end":{"line":14,"column":53}},"9":{"start":{"line":16,"column":4},"end":{"line":18,"column":5}},"10":{"start":{"line":17,"column":6},"end":{"line":17,"column":55}},"11":{"start":{"line":19,"column":4},"end":{"line":21,"column":5}},"12":{"start":{"line":20,"column":6},"end":{"line":20,"column":78}},"13":{"start":{"line":22,"column":4},"end":{"line":22,"column":88}},"14":{"start":{"line":25,"column":2},"end":{"line":25,"column":14}}},"fnMap":{"0":{"name":"(anonymous_0)","decl":{"start":{"line":3,"column":24},"end":{"line":3,"column":25}},"loc":{"start":{"line":3,"column":42},"end":{"line":26,"column":1}},"line":3},"1":{"name":"(anonymous_1)","decl":{"start":{"line":6,"column":30},"end":{"line":6,"column":31}},"loc":{"start":{"line":6,"column":39},"end":{"line":23,"column":3}},"line":6}},"branchMap":{"0":{"loc":{"start":{"line":10,"column":4},"end":{"line":12,"column":5}},"type":"if","locations":[{"start":{"line":10,"column":4},"end":{"line":12,"column":5}},{"start":{},"end":{}}],"line":10},"1":{"loc":{"start":{"line":13,"column":4},"end":{"line":15,"column":5}},"type":"if","locations":[{"start":{"line":13,"column":4},"end":{"line":15,"column":5}},{"start":{},"end":{}}],"line":13},"2":{"loc":{"start":{"line":16,"column":4},"end":{"line":18,"column":5}},"type":"if","locations":[{"start":{"line":16,"column":4},"end":{"line":18,"column":5}},{"start":{},"end":{}}],"line":16},"3":{"loc":{"start":{"line":19,"column":4},"end":{"line":21,"column":5}},"type":"if","locations":[{"start":{"line":19,"column":4},"end":{"line":21,"column":5}},{"start":{},"end":{}}],"line":19},"4":{"loc":{"start":{"line":19,"column":8},"end":{"line":19,"column":48}},"type":"binary-expr","locations":[{"start":{"line":19,"column":8},"end":{"line":19,"column":26}},{"start":{"line":19,"column":30},"end":{"line":19,"column":48}}],"line":19}},"s":{"0":1,"1":30,"2":30,"3":108,"4":108,"5":108,"6":30,"7":78,"8":12,"9":66,"10":18,"11":48,"12":24,"13":24,"14":30},"f":{"0":30,"1":108},"b":{"0":[30,78],"1":[12,66],"2":[18,48],"3":[24,24],"4":[48,30]},"_coverageSchema":"1a1c01bbd47fc00a2c39e90264f33305004495a9","hash":"2d5f23697719d19ca1aa9e36e000f1c0671da6d3"}
,"/Users/kirill/Projects/hexlet/frontend-project-lvl2/src/index.js": {"path":"/Users/kirill/Projects/hexlet/frontend-project-lvl2/src/index.js","statementMap":{"0":{"start":{"line":6,"column":16},"end":{"line":6,"column":34}},"1":{"start":{"line":7,"column":16},"end":{"line":7,"column":34}},"2":{"start":{"line":8,"column":15},"end":{"line":8,"column":44}},"3":{"start":{"line":10,"column":2},"end":{"line":10,"column":42}}},"fnMap":{"0":{"name":"(anonymous_0)","decl":{"start":{"line":5,"column":15},"end":{"line":5,"column":16}},"loc":{"start":{"line":5,"column":65},"end":{"line":11,"column":1}},"line":5}},"branchMap":{"0":{"loc":{"start":{"line":5,"column":38},"end":{"line":5,"column":60}},"type":"default-arg","locations":[{"start":{"line":5,"column":51},"end":{"line":5,"column":60}}],"line":5}},"s":{"0":6,"1":6,"2":6,"3":6},"f":{"0":6},"b":{"0":[0]},"_coverageSchema":"1a1c01bbd47fc00a2c39e90264f33305004495a9","hash":"520cc4f96ff54029d14a72822c8a8a61a308e0cc"}
,"/Users/kirill/Projects/hexlet/frontend-project-lvl2/src/parsers.js": {"path":"/Users/kirill/Projects/hexlet/frontend-project-lvl2/src/parsers.js","statementMap":{"0":{"start":{"line":5,"column":17},"end":{"line":17,"column":1}},"1":{"start":{"line":6,"column":19},"end":{"line":6,"column":46}},"2":{"start":{"line":7,"column":15},"end":{"line":9,"column":69}},"3":{"start":{"line":10,"column":2},"end":{"line":12,"column":3}},"4":{"start":{"line":11,"column":4},"end":{"line":11,"column":28}},"5":{"start":{"line":12,"column":4},"end":{"line":14,"column":3}},"6":{"start":{"line":13,"column":4},"end":{"line":13,"column":27}},"7":{"start":{"line":16,"column":2},"end":{"line":16,"column":33}}},"fnMap":{"0":{"name":"(anonymous_0)","decl":{"start":{"line":5,"column":17},"end":{"line":5,"column":18}},"loc":{"start":{"line":5,"column":31},"end":{"line":17,"column":1}},"line":5}},"branchMap":{"0":{"loc":{"start":{"line":7,"column":15},"end":{"line":9,"column":69}},"type":"cond-expr","locations":[{"start":{"line":8,"column":6},"end":{"line":8,"column":39}},{"start":{"line":9,"column":6},"end":{"line":9,"column":69}}],"line":7},"1":{"loc":{"start":{"line":10,"column":2},"end":{"line":12,"column":3}},"type":"if","locations":[{"start":{"line":10,"column":2},"end":{"line":12,"column":3}},{"start":{},"end":{}}],"line":10},"2":{"loc":{"start":{"line":12,"column":4},"end":{"line":14,"column":3}},"type":"if","locations":[{"start":{"line":12,"column":4},"end":{"line":14,"column":3}},{"start":{},"end":{}}],"line":12},"3":{"loc":{"start":{"line":12,"column":8},"end":{"line":12,"column":63}},"type":"binary-expr","locations":[{"start":{"line":12,"column":8},"end":{"line":12,"column":34}},{"start":{"line":12,"column":38},"end":{"line":12,"column":63}}],"line":12}},"s":{"0":1,"1":12,"2":12,"3":12,"4":6,"5":6,"6":6,"7":0},"f":{"0":12},"b":{"0":[12,0],"1":[6,6],"2":[6,0],"3":[6,6]},"_coverageSchema":"1a1c01bbd47fc00a2c39e90264f33305004495a9","hash":"e5694373453811ffd4a86164ad705c96a475d9a3"}
,"/Users/kirill/Projects/hexlet/frontend-project-lvl2/src/formatters/index.js": {"path":"/Users/kirill/Projects/hexlet/frontend-project-lvl2/src/formatters/index.js","statementMap":{"0":{"start":{"line":5,"column":23},"end":{"line":16,"column":1}},"1":{"start":{"line":6,"column":2},"end":{"line":15,"column":3}},"2":{"start":{"line":8,"column":6},"end":{"line":8,"column":27}},"3":{"start":{"line":10,"column":6},"end":{"line":10,"column":25}},"4":{"start":{"line":12,"column":6},"end":{"line":12,"column":24}},"5":{"start":{"line":14,"column":6},"end":{"line":14,"column":54}}},"fnMap":{"0":{"name":"(anonymous_0)","decl":{"start":{"line":5,"column":23},"end":{"line":5,"column":24}},"loc":{"start":{"line":5,"column":46},"end":{"line":16,"column":1}},"line":5}},"branchMap":{"0":{"loc":{"start":{"line":6,"column":2},"end":{"line":15,"column":3}},"type":"switch","locations":[{"start":{"line":7,"column":4},"end":{"line":8,"column":27}},{"start":{"line":9,"column":4},"end":{"line":10,"column":25}},{"start":{"line":11,"column":4},"end":{"line":12,"column":24}},{"start":{"line":13,"column":4},"end":{"line":14,"column":54}}],"line":6}},"s":{"0":1,"1":6,"2":2,"3":2,"4":2,"5":0},"f":{"0":6},"b":{"0":[2,2,2,0]},"_coverageSchema":"1a1c01bbd47fc00a2c39e90264f33305004495a9","hash":"7e732348e8c68a1f853d5e64741e287c94dbcf5f"}
,"/Users/kirill/Projects/hexlet/frontend-project-lvl2/src/formatters/json.js": {"path":"/Users/kirill/Projects/hexlet/frontend-project-lvl2/src/formatters/json.js","statementMap":{"0":{"start":{"line":1,"column":25},"end":{"line":1,"column":45}}},"fnMap":{"0":{"name":"(anonymous_0)","decl":{"start":{"line":1,"column":15},"end":{"line":1,"column":16}},"loc":{"start":{"line":1,"column":25},"end":{"line":1,"column":45}},"line":1}},"branchMap":{},"s":{"0":2},"f":{"0":2},"b":{},"_coverageSchema":"1a1c01bbd47fc00a2c39e90264f33305004495a9","hash":"fcc89ed4bdb22f943075eabd3c80b633c86475eb"}
,"/Users/kirill/Projects/hexlet/frontend-project-lvl2/src/formatters/plain.js": {"path":"/Users/kirill/Projects/hexlet/frontend-project-lvl2/src/formatters/plain.js","statementMap":{"0":{"start":{"line":3,"column":21},"end":{"line":12,"column":1}},"1":{"start":{"line":4,"column":2},"end":{"line":6,"column":3}},"2":{"start":{"line":5,"column":4},"end":{"line":5,"column":29}},"3":{"start":{"line":7,"column":2},"end":{"line":9,"column":3}},"4":{"start":{"line":8,"column":4},"end":{"line":8,"column":24}},"5":{"start":{"line":11,"column":2},"end":{"line":11,"column":15}},"6":{"start":{"line":14,"column":20},"end":{"line":37,"column":1}},"7":{"start":{"line":15,"column":23},"end":{"line":15,"column":71}},"8":{"start":{"line":15,"column":45},"end":{"line":15,"column":70}},"9":{"start":{"line":16,"column":17},"end":{"line":34,"column":15}},"10":{"start":{"line":17,"column":20},"end":{"line":17,"column":41}},"11":{"start":{"line":18,"column":17},"end":{"line":18,"column":34}},"12":{"start":{"line":20,"column":4},"end":{"line":23,"column":5}},"13":{"start":{"line":21,"column":20},"end":{"line":21,"column":44}},"14":{"start":{"line":22,"column":6},"end":{"line":22,"column":65}},"15":{"start":{"line":24,"column":4},"end":{"line":26,"column":5}},"16":{"start":{"line":25,"column":6},"end":{"line":25,"column":46}},"17":{"start":{"line":27,"column":4},"end":{"line":31,"column":5}},"18":{"start":{"line":28,"column":25},"end":{"line":28,"column":60}},"19":{"start":{"line":29,"column":26},"end":{"line":29,"column":62}},"20":{"start":{"line":30,"column":6},"end":{"line":30,"column":84}},"21":{"start":{"line":33,"column":4},"end":{"line":33,"column":44}},"22":{"start":{"line":36,"column":2},"end":{"line":36,"column":16}}},"fnMap":{"0":{"name":"(anonymous_0)","decl":{"start":{"line":3,"column":21},"end":{"line":3,"column":22}},"loc":{"start":{"line":3,"column":32},"end":{"line":12,"column":1}},"line":3},"1":{"name":"(anonymous_1)","decl":{"start":{"line":14,"column":20},"end":{"line":14,"column":21}},"loc":{"start":{"line":14,"column":41},"end":{"line":37,"column":1}},"line":14},"2":{"name":"(anonymous_2)","decl":{"start":{"line":15,"column":35},"end":{"line":15,"column":36}},"loc":{"start":{"line":15,"column":45},"end":{"line":15,"column":70}},"line":15},"3":{"name":"(anonymous_3)","decl":{"start":{"line":16,"column":34},"end":{"line":16,"column":35}},"loc":{"start":{"line":16,"column":44},"end":{"line":34,"column":3}},"line":16}},"branchMap":{"0":{"loc":{"start":{"line":4,"column":2},"end":{"line":6,"column":3}},"type":"if","locations":[{"start":{"line":4,"column":2},"end":{"line":6,"column":3}},{"start":{},"end":{}}],"line":4},"1":{"loc":{"start":{"line":7,"column":2},"end":{"line":9,"column":3}},"type":"if","locations":[{"start":{"line":7,"column":2},"end":{"line":9,"column":3}},{"start":{},"end":{}}],"line":7},"2":{"loc":{"start":{"line":14,"column":27},"end":{"line":14,"column":36}},"type":"default-arg","locations":[{"start":{"line":14,"column":34},"end":{"line":14,"column":36}}],"line":14},"3":{"loc":{"start":{"line":20,"column":4},"end":{"line":23,"column":5}},"type":"if","locations":[{"start":{"line":20,"column":4},"end":{"line":23,"column":5}},{"start":{},"end":{}}],"line":20},"4":{"loc":{"start":{"line":24,"column":4},"end":{"line":26,"column":5}},"type":"if","locations":[{"start":{"line":24,"column":4},"end":{"line":26,"column":5}},{"start":{},"end":{}}],"line":24},"5":{"loc":{"start":{"line":27,"column":4},"end":{"line":31,"column":5}},"type":"if","locations":[{"start":{"line":27,"column":4},"end":{"line":31,"column":5}},{"start":{},"end":{}}],"line":27}},"s":{"0":1,"1":26,"2":6,"3":20,"4":14,"5":6,"6":1,"7":10,"8":36,"9":10,"10":30,"11":30,"12":30,"13":10,"14":10,"15":20,"16":4,"17":16,"18":8,"19":8,"20":8,"21":8,"22":10},"f":{"0":26,"1":10,"2":36,"3":30},"b":{"0":[6,20],"1":[14,6],"2":[2],"3":[10,20],"4":[4,16],"5":[8,8]},"_coverageSchema":"1a1c01bbd47fc00a2c39e90264f33305004495a9","hash":"7a78a6f9adfe7d2635eb66a42e75070afbb88ff1"}
,"/Users/kirill/Projects/hexlet/frontend-project-lvl2/src/formatters/stylish.js": {"path":"/Users/kirill/Projects/hexlet/frontend-project-lvl2/src/formatters/stylish.js","statementMap":{"0":{"start":{"line":3,"column":22},"end":{"line":23,"column":1}},"1":{"start":{"line":4,"column":15},"end":{"line":20,"column":3}},"2":{"start":{"line":5,"column":4},"end":{"line":7,"column":5}},"3":{"start":{"line":6,"column":6},"end":{"line":6,"column":31}},"4":{"start":{"line":9,"column":26},"end":{"line":9,"column":55}},"5":{"start":{"line":10,"column":26},"end":{"line":10,"column":59}},"6":{"start":{"line":11,"column":18},"end":{"line":13,"column":84}},"7":{"start":{"line":13,"column":27},"end":{"line":13,"column":83}},"8":{"start":{"line":15,"column":4},"end":{"line":19,"column":17}},"9":{"start":{"line":22,"column":2},"end":{"line":22,"column":28}},"10":{"start":{"line":25,"column":22},"end":{"line":52,"column":1}},"11":{"start":{"line":26,"column":15},"end":{"line":49,"column":3}},"12":{"start":{"line":27,"column":21},"end":{"line":27,"column":27}},"13":{"start":{"line":28,"column":26},"end":{"line":28,"column":48}},"14":{"start":{"line":29,"column":26},"end":{"line":29,"column":52}},"15":{"start":{"line":30,"column":19},"end":{"line":47,"column":6}},"16":{"start":{"line":33,"column":6},"end":{"line":46,"column":7}},"17":{"start":{"line":35,"column":10},"end":{"line":35,"column":80}},"18":{"start":{"line":37,"column":10},"end":{"line":37,"column":99}},"19":{"start":{"line":39,"column":10},"end":{"line":39,"column":99}},"20":{"start":{"line":41,"column":10},"end":{"line":41,"column":203}},"21":{"start":{"line":43,"column":10},"end":{"line":43,"column":99}},"22":{"start":{"line":45,"column":10},"end":{"line":45,"column":53}},"23":{"start":{"line":48,"column":4},"end":{"line":48,"column":60}},"24":{"start":{"line":51,"column":2},"end":{"line":51,"column":23}}},"fnMap":{"0":{"name":"(anonymous_0)","decl":{"start":{"line":3,"column":22},"end":{"line":3,"column":23}},"loc":{"start":{"line":3,"column":50},"end":{"line":23,"column":1}},"line":3},"1":{"name":"(anonymous_1)","decl":{"start":{"line":4,"column":15},"end":{"line":4,"column":16}},"loc":{"start":{"line":4,"column":47},"end":{"line":20,"column":3}},"line":4},"2":{"name":"(anonymous_2)","decl":{"start":{"line":13,"column":11},"end":{"line":13,"column":12}},"loc":{"start":{"line":13,"column":27},"end":{"line":13,"column":83}},"line":13},"3":{"name":"(anonymous_3)","decl":{"start":{"line":25,"column":22},"end":{"line":25,"column":23}},"loc":{"start":{"line":25,"column":32},"end":{"line":52,"column":1}},"line":25},"4":{"name":"(anonymous_4)","decl":{"start":{"line":26,"column":15},"end":{"line":26,"column":16}},"loc":{"start":{"line":26,"column":32},"end":{"line":49,"column":3}},"line":26},"5":{"name":"(anonymous_5)","decl":{"start":{"line":30,"column":32},"end":{"line":30,"column":33}},"loc":{"start":{"line":32,"column":10},"end":{"line":47,"column":5}},"line":32}},"branchMap":{"0":{"loc":{"start":{"line":5,"column":4},"end":{"line":7,"column":5}},"type":"if","locations":[{"start":{"line":5,"column":4},"end":{"line":7,"column":5}},{"start":{},"end":{}}],"line":5},"1":{"loc":{"start":{"line":33,"column":6},"end":{"line":46,"column":7}},"type":"switch","locations":[{"start":{"line":34,"column":8},"end":{"line":35,"column":80}},{"start":{"line":36,"column":8},"end":{"line":37,"column":99}},{"start":{"line":38,"column":8},"end":{"line":39,"column":99}},{"start":{"line":40,"column":8},"end":{"line":41,"column":203}},{"start":{"line":42,"column":8},"end":{"line":43,"column":99}},{"start":{"line":44,"column":8},"end":{"line":45,"column":53}}],"line":33}},"s":{"0":1,"1":36,"2":54,"3":40,"4":14,"5":14,"6":14,"7":18,"8":14,"9":36,"10":1,"11":2,"12":10,"13":10,"14":10,"15":10,"16":36,"17":8,"18":10,"19":4,"20":8,"21":6,"22":0,"23":10,"24":2},"f":{"0":36,"1":54,"2":18,"3":2,"4":10,"5":36},"b":{"0":[40,14],"1":[8,10,4,8,6,0]},"_coverageSchema":"1a1c01bbd47fc00a2c39e90264f33305004495a9","hash":"d7c82bc0f74b90db6e0e0e9a5341b5c2c22ef70a"}
}
