TN:
SF:src/build.js
FN:3,(anonymous_0)
FN:6,(anonymous_1)
FNF:2
FNH:2
FNDA:30,(anonymous_0)
FNDA:108,(anonymous_1)
DA:3,1
DA:4,30
DA:6,30
DA:7,108
DA:8,108
DA:10,108
DA:11,30
DA:13,78
DA:14,12
DA:16,66
DA:17,18
DA:19,48
DA:20,24
DA:22,24
DA:25,30
LF:15
LH:15
BRDA:10,0,0,30
BRDA:10,0,1,78
BRDA:13,1,0,12
BRDA:13,1,1,66
BRDA:16,2,0,18
BRDA:16,2,1,48
BRDA:19,3,0,24
BRDA:19,3,1,24
BRDA:19,4,0,48
BRDA:19,4,1,30
BRF:10
BRH:10
end_of_record
TN:
SF:src/index.js
FN:5,(anonymous_0)
FNF:1
FNH:1
FNDA:6,(anonymous_0)
DA:6,6
DA:7,6
DA:8,6
DA:10,6
LF:4
LH:4
BRDA:5,0,0,0
BRF:1
BRH:0
end_of_record
TN:
SF:src/parsers.js
FN:5,(anonymous_0)
FNF:1
FNH:1
FNDA:12,(anonymous_0)
DA:5,1
DA:6,12
DA:7,12
DA:10,12
DA:11,6
DA:12,6
DA:13,6
DA:16,0
LF:8
LH:7
BRDA:7,0,0,12
BRDA:7,0,1,0
BRDA:10,1,0,6
BRDA:10,1,1,6
BRDA:12,2,0,6
BRDA:12,2,1,0
BRDA:12,3,0,6
BRDA:12,3,1,6
BRF:8
BRH:6
end_of_record
TN:
SF:src/formatters/index.js
FN:5,(anonymous_0)
FNF:1
FNH:1
FNDA:6,(anonymous_0)
DA:5,1
DA:6,6
DA:8,2
DA:10,2
DA:12,2
DA:14,0
LF:6
LH:5
BRDA:6,0,0,2
BRDA:6,0,1,2
BRDA:6,0,2,2
BRDA:6,0,3,0
BRF:4
BRH:3
end_of_record
TN:
SF:src/formatters/json.js
FN:1,(anonymous_0)
FNF:1
FNH:1
FNDA:2,(anonymous_0)
DA:1,2
LF:1
LH:1
BRF:0
BRH:0
end_of_record
TN:
SF:src/formatters/plain.js
FN:3,(anonymous_0)
FN:14,(anonymous_1)
FN:15,(anonymous_2)
FN:16,(anonymous_3)
FNF:4
FNH:4
FNDA:26,(anonymous_0)
FNDA:10,(anonymous_1)
FNDA:36,(anonymous_2)
FNDA:30,(anonymous_3)
DA:3,1
DA:4,26
DA:5,6
DA:7,20
DA:8,14
DA:11,6
DA:14,1
DA:15,36
DA:16,10
DA:17,30
DA:18,30
DA:20,30
DA:21,10
DA:22,10
DA:24,20
DA:25,4
DA:27,16
DA:28,8
DA:29,8
DA:30,8
DA:33,8
DA:36,10
LF:22
LH:22
BRDA:4,0,0,6
BRDA:4,0,1,20
BRDA:7,1,0,14
BRDA:7,1,1,6
BRDA:14,2,0,2
BRDA:20,3,0,10
BRDA:20,3,1,20
BRDA:24,4,0,4
BRDA:24,4,1,16
BRDA:27,5,0,8
BRDA:27,5,1,8
BRF:11
BRH:11
end_of_record
TN:
SF:src/formatters/stylish.js
FN:3,(anonymous_0)
FN:4,(anonymous_1)
FN:13,(anonymous_2)
FN:25,(anonymous_3)
FN:26,(anonymous_4)
FN:30,(anonymous_5)
FNF:6
FNH:6
FNDA:36,(anonymous_0)
FNDA:54,(anonymous_1)
FNDA:18,(anonymous_2)
FNDA:2,(anonymous_3)
FNDA:10,(anonymous_4)
FNDA:36,(anonymous_5)
DA:3,1
DA:4,36
DA:5,54
DA:6,40
DA:9,14
DA:10,14
DA:11,14
DA:13,18
DA:15,14
DA:22,36
DA:25,1
DA:26,2
DA:27,10
DA:28,10
DA:29,10
DA:30,10
DA:33,36
DA:35,8
DA:37,10
DA:39,4
DA:41,8
DA:43,6
DA:45,0
DA:48,10
DA:51,2
LF:25
LH:24
BRDA:5,0,0,40
BRDA:5,0,1,14
BRDA:33,1,0,8
BRDA:33,1,1,10
BRDA:33,1,2,4
BRDA:33,1,3,8
BRDA:33,1,4,6
BRDA:33,1,5,0
BRF:8
BRH:7
end_of_record
